============================= test session starts =============================
collecting ... collected 21 items

tests/test_pipeline.py::test_duracion_real_caso_normal PASSED            [  4%]
tests/test_pipeline.py::test_sobreduracion_y_categoria PASSED            [  9%]
tests/test_pipeline.py::test_edad_descuenta_mes_no_cumplido PASSED       [ 14%]
tests/test_pipeline.py::test_edad_cuando_aun_no_cumple_anios PASSED      [ 19%]
tests/test_pipeline.py::test_semestre_de_titulacion_segun_mes PASSED     [ 23%]
tests/test_pipeline.py::test_duracion_minima_es_uno PASSED               [ 28%]
tests/test_pipeline.py::test_clasificacion_en_los_bordes PASSED          [ 33%]
tests/test_pipeline.py::test_sentinelas_se_convierten_en_na PASSED       [ 38%]
tests/test_pipeline.py::test_normalizacion_de_texto_respeta_nombres_propios PASSED [ 42%]
tests/test_pipeline.py::test_duplicados_sin_mrun_no_se_colapsan PASSED   [ 47%]
tests/test_pipeline.py::test_duplicado_exacto_se_elimina PASSED          [ 52%]
tests/test_pipeline.py::test_duracion_teorica_cero_no_divide_por_cero PASSED [ 57%]
tests/test_pipeline.py::test_registro_sin_fecha_nacimiento_se_marca_atipico PASSED [ 61%]
tests/test_pipeline.py::test_archivos_faltantes_lanza_excepcion PASSED   [ 66%]
tests/test_pipeline.py::test_cargar_consolidado_inexistente PASSED       [ 71%]
tests/test_pipeline.py::test_validador_detecta_dataset_corrupto PASSED   [ 76%]
tests/test_pipeline.py::test_validador_aprueba_dataset_correcto PASSED   [ 80%]
tests/test_pipeline.py::test_estado_antes_de_ejecutar_lanza_error PASSED [ 85%]
tests/test_pipeline.py::test_regla_con_excepcion_se_reporta_como_falla PASSED [ 90%]
tests/test_pipeline.py::test_tabla_agregada_respeta_minimo_de_casos PASSED [ 95%]
tests/test_pipeline.py::test_configuracion_expone_versiones PASSED       [100%]

============================= 21 passed in 1.72s ==============================
