============================= test session starts =============================
collecting ... collected 73 items

tests/test_nucleo.py::TestAgrupacion::test_media_por_grupo_coincide_con_pandas PASSED [  1%]
tests/test_nucleo.py::TestAgrupacion::test_un_solo_grupo PASSED          [  2%]
tests/test_nucleo.py::TestAgrupacion::test_largos_distintos_lanzan_error PASSED [  4%]
tests/test_nucleo.py::TestOrdenamiento::test_merge_sort_coincide_con_sorted PASSED [  5%]
tests/test_nucleo.py::TestOrdenamiento::test_no_muta_la_entrada PASSED   [  6%]
tests/test_nucleo.py::TestOrdenamiento::test_vacia_y_un_elemento PASSED  [  8%]
tests/test_nucleo.py::TestOrdenamiento::test_es_estable PASSED           [  9%]
tests/test_nucleo.py::TestSeleccion::test_mediana_coincide_con_statistics PASSED [ 10%]
tests/test_nucleo.py::TestSeleccion::test_quickselect_recupera_cada_posicion PASSED [ 12%]
tests/test_nucleo.py::TestSeleccion::test_mediana_par_e_impar PASSED     [ 13%]
tests/test_nucleo.py::TestSeleccion::test_k_fuera_de_rango_y_vacia PASSED [ 15%]
tests/test_nucleo.py::TestBusqueda::test_binaria_encuentra_y_no_encuentra PASSED [ 16%]
tests/test_nucleo.py::TestBusqueda::test_binaria_en_vacia PASSED         [ 17%]
tests/test_nucleo.py::TestBusqueda::test_conteos_por_umbral_coinciden_con_recuento_directo PASSED [ 19%]
tests/test_nucleo.py::TestBusqueda::test_cotas_en_bordes PASSED          [ 20%]
tests/test_nucleo.py::TestBenchmark::test_medicion_basica PASSED         [ 21%]
tests/test_nucleo.py::TestBenchmark::test_exponente_de_funcion_lineal_cercano_a_uno PASSED [ 23%]
tests/test_nucleo.py::TestBenchmark::test_exponente_cuadratico PASSED    [ 24%]
tests/test_nucleo.py::TestBenchmark::test_estimar_orden_exige_dos_tamanos PASSED [ 26%]
tests/test_nucleo.py::TestBenchmark::test_comparar_ordena_por_tiempo PASSED [ 27%]
tests/test_nucleo.py::TestTitulado::test_propiedades_derivadas PASSED    [ 28%]
tests/test_nucleo.py::TestTitulado::test_encapsulamiento_identidad_solo_lectura PASSED [ 30%]
tests/test_nucleo.py::TestTitulado::test_setters_validan PASSED          [ 31%]
tests/test_nucleo.py::TestTitulado::test_orden_natural_e_igualdad PASSED [ 32%]
tests/test_nucleo.py::TestTitulado::test_desde_fila_con_dict_y_series PASSED [ 34%]
tests/test_nucleo.py::TestCohorte::test_protocolo_de_secuencia PASSED    [ 35%]
tests/test_nucleo.py::TestCohorte::test_filtrar_y_agrupar_no_mutan PASSED [ 36%]
tests/test_nucleo.py::TestCohorte::test_strategy_con_metricas PASSED     [ 38%]
tests/test_nucleo.py::TestCohorte::test_ordenados_con_merge_sort PASSED  [ 39%]
tests/test_nucleo.py::TestCohorte::test_agregar_rechaza_tipos_ajenos PASSED [ 41%]
tests/test_nucleo.py::TestCohorte::test_metrica_en_cohorte_vacia_lanza_error PASSED [ 42%]
tests/test_nucleo.py::TestCohorte::test_desde_dataframe_exige_columnas PASSED [ 43%]
tests/test_nucleo.py::TestCohorte::test_percentil_valida_rango PASSED    [ 45%]
tests/test_nucleo.py::TestJerarquia::test_totales_recursivos_y_estructura PASSED [ 46%]
tests/test_nucleo.py::TestJerarquia::test_cache_se_invalida_al_insertar PASSED [ 47%]
tests/test_nucleo.py::TestJerarquia::test_metrica_composite_y_descenso PASSED [ 49%]
tests/test_nucleo.py::TestJerarquia::test_buscar_y_dataframe PASSED      [ 50%]
tests/test_nucleo.py::TestJerarquia::test_nodo_vacio PASSED              [ 52%]
tests/test_nucleo.py::TestPreparacion::test_escalador_estandar PASSED    [ 53%]
tests/test_nucleo.py::TestPreparacion::test_estandar_invertir PASSED     [ 54%]
tests/test_nucleo.py::TestPreparacion::test_minmax_en_cero_uno PASSED    [ 56%]
tests/test_nucleo.py::TestPreparacion::test_transformar_sin_ajustar_y_dimensiones PASSED [ 57%]
tests/test_nucleo.py::TestPreparacion::test_onehot_omite_primera_y_categoria_desconocida PASSED [ 58%]
tests/test_nucleo.py::TestPreparacion::test_particion_reproducible_y_disjunta PASSED [ 60%]
tests/test_nucleo.py::TestPreparacion::test_preparador_compone_y_exige_ajuste PASSED [ 61%]
tests/test_nucleo.py::TestModelos::test_descenso_converge_a_solucion_cerrada PASSED [ 63%]
tests/test_nucleo.py::TestModelos::test_perdida_decrece PASSED           [ 64%]
tests/test_nucleo.py::TestModelos::test_logistica_separa_datos_separables PASSED [ 65%]
tests/test_nucleo.py::TestModelos::test_pesos_devueltos_son_copia PASSED [ 67%]
tests/test_nucleo.py::TestModelos::test_errores_controlados PASSED       [ 68%]
tests/test_nucleo.py::TestModelos::test_metricas_clasificacion_extremos PASSED [ 69%]
tests/test_pipeline.py::test_duracion_real_caso_normal PASSED            [ 71%]
tests/test_pipeline.py::test_sobreduracion_y_categoria PASSED            [ 72%]
tests/test_pipeline.py::test_edad_descuenta_mes_no_cumplido PASSED       [ 73%]
tests/test_pipeline.py::test_edad_cuando_aun_no_cumple_anios PASSED      [ 75%]
tests/test_pipeline.py::test_semestre_de_titulacion_segun_mes PASSED     [ 76%]
tests/test_pipeline.py::test_duracion_minima_es_uno PASSED               [ 78%]
tests/test_pipeline.py::test_clasificacion_en_los_bordes PASSED          [ 79%]
tests/test_pipeline.py::test_sentinelas_se_convierten_en_na PASSED       [ 80%]
tests/test_pipeline.py::test_normalizacion_de_texto_respeta_nombres_propios PASSED [ 82%]
tests/test_pipeline.py::test_duplicados_sin_mrun_no_se_colapsan PASSED   [ 83%]
tests/test_pipeline.py::test_duplicado_exacto_se_elimina PASSED          [ 84%]
tests/test_pipeline.py::test_duracion_teorica_cero_no_divide_por_cero PASSED [ 86%]
tests/test_pipeline.py::test_registro_sin_fecha_nacimiento_se_marca_atipico PASSED [ 87%]
tests/test_pipeline.py::test_archivos_faltantes_lanza_excepcion PASSED   [ 89%]
tests/test_pipeline.py::test_cargar_consolidado_inexistente PASSED       [ 90%]
tests/test_pipeline.py::test_validador_detecta_dataset_corrupto PASSED   [ 91%]
tests/test_pipeline.py::test_validador_aprueba_dataset_correcto PASSED   [ 93%]
tests/test_pipeline.py::test_estado_antes_de_ejecutar_lanza_error PASSED [ 94%]
tests/test_pipeline.py::test_regla_con_excepcion_se_reporta_como_falla PASSED [ 95%]
tests/test_pipeline.py::test_tabla_agregada_respeta_minimo_de_casos PASSED [ 97%]
tests/test_pipeline.py::test_formato_numerico_chileno PASSED             [ 98%]
tests/test_pipeline.py::test_configuracion_expone_versiones PASSED       [100%]

============================= 73 passed in 3.18s ==============================
